Fev 05, 2015 4:43:42 AM PadroesSoftware.ReporterJogadas <init>
INFO: Jogadas :
Fev 05, 2015 4:43:44 AM PadroesSoftware.ReporterJogadas update
INFO: A carta (8-COPAS) foi retirada da coluna 6
Fev 05, 2015 4:43:45 AM PadroesSoftware.ReporterJogadas update
INFO: A carta (8-COPAS) foi adicionada à coluna 2
Fev 05, 2015 4:43:48 AM PadroesSoftware.ReporterJogadas update
INFO: A carta (5-OUROS) foi retirada da coluna 7
Fev 05, 2015 4:43:49 AM PadroesSoftware.ReporterJogadas update
INFO: A carta (5-OUROS) foi adicionada à coluna 3
Fev 05, 2015 4:43:50 AM PadroesSoftware.ReporterJogadas update
INFO: Foi virada uma carta
Fev 05, 2015 4:43:52 AM PadroesSoftware.ReporterJogadas update
INFO: Foi virada uma carta
Fev 05, 2015 4:43:53 AM PadroesSoftware.ReporterJogadas update
INFO: A carta (A-ESPADAS) foi retirada do monte lixo.
Fev 05, 2015 4:43:53 AM PadroesSoftware.ReporterJogadas update
INFO: A carta (A-ESPADAS) foi adicionada à casa de naipe 1
Fev 05, 2015 4:43:54 AM PadroesSoftware.ReporterJogadas update
INFO: A carta (A-PAUS) foi retirada da coluna 1
Fev 05, 2015 4:43:55 AM PadroesSoftware.ReporterJogadas update
INFO: A carta (A-PAUS) foi adicionada à casa de naipe 2
Fev 05, 2015 4:43:56 AM PadroesSoftware.ReporterJogadas update
INFO: Foi virada uma carta
Fev 05, 2015 4:43:57 AM PadroesSoftware.ReporterJogadas update
INFO: A carta (D-ESPADAS) foi retirada do monte lixo.
Fev 05, 2015 4:43:58 AM PadroesSoftware.ReporterJogadas update
INFO: A carta (D-ESPADAS) foi adicionada à coluna 4
Fev 05, 2015 4:43:59 AM PadroesSoftware.ReporterJogadas update
INFO: A carta (2-ESPADAS) foi retirada do monte lixo.
Fev 05, 2015 4:44:00 AM PadroesSoftware.ReporterJogadas update
INFO: A carta (2-ESPADAS) foi adicionada à casa de naipe 1
Fev 05, 2015 4:44:00 AM PadroesSoftware.ReporterJogadas update
INFO: Foi virada uma carta
Fev 05, 2015 4:44:02 AM PadroesSoftware.ReporterJogadas update
INFO: A carta (7-PAUS) foi retirada do monte lixo.
Fev 05, 2015 4:44:03 AM PadroesSoftware.ReporterJogadas update
INFO: A carta (7-PAUS) foi adicionada à coluna 2
Fev 05, 2015 4:44:03 AM PadroesSoftware.ReporterJogadas update
INFO: Foi virada uma carta
Fev 05, 2015 4:44:05 AM PadroesSoftware.ReporterJogadas update
INFO: Foi virada uma carta
Fev 05, 2015 4:44:07 AM PadroesSoftware.ReporterJogadas update
INFO: Foi virada uma carta
Fev 05, 2015 4:44:08 AM PadroesSoftware.ReporterJogadas update
INFO: Foi virada uma carta
Fev 05, 2015 4:44:10 AM PadroesSoftware.ReporterJogadas update
INFO: Foi virada uma carta
Fev 05, 2015 4:44:12 AM PadroesSoftware.ReporterJogadas update
INFO: A carta (9-OUROS) foi retirada do monte lixo.
Fev 05, 2015 4:44:13 AM PadroesSoftware.ReporterJogadas update
INFO: A carta (9-OUROS) foi adicionada à coluna 5
Fev 05, 2015 4:44:14 AM PadroesSoftware.ReporterJogadas update
INFO: A carta (8-PAUS) foi retirada da coluna 7
Fev 05, 2015 4:44:15 AM PadroesSoftware.ReporterJogadas update
INFO: A carta (8-PAUS) foi adicionada à coluna 5
Fev 05, 2015 4:44:16 AM PadroesSoftware.ReporterJogadas update
INFO: A carta (2-PAUS) foi retirada da coluna 7
Fev 05, 2015 4:44:17 AM PadroesSoftware.ReporterJogadas update
INFO: A carta (2-PAUS) foi adicionada à casa de naipe 2
